2022-06-02 11:41:05,738 INFO ExpenseCrud [main] Starting server on port 8082
2022-06-02 11:41:42,770 INFO ExpenseCrud [JettyServerThreadPool-24] starting post rout /login/{username}/{password}
2022-06-02 11:41:42,770 INFO s.EmployeeServiceImpl [JettyServerThreadPool-24] hit login() in service.
2022-06-02 11:41:42,770 INFO d.EmployeeDaoImpl [JettyServerThreadPool-24] hit login() in EmployeeDaoImpl
2022-06-02 11:41:42,797 INFO ExpenseCrud [JettyServerThreadPool-24] returning from /login/{username}/{password} with error
2022-06-02 18:58:13,167 INFO ExpenseCrud [main] Starting server on port 8082
2022-06-02 18:59:05,065 INFO ExpenseCrud [JettyServerThreadPool-20] starting get route /employees
2022-06-02 18:59:05,089 INFO s.EmployeeServiceImpl [JettyServerThreadPool-20] Entered manViewAll() in service.
2022-06-02 18:59:05,091 INFO d.EmployeeDaoImpl [JettyServerThreadPool-20] hit manViewAll() in EmployeeDaoImpl
2022-06-02 19:12:54,812 INFO ExpenseCrud [JettyServerThreadPool-15] starting get route /employees
2022-06-02 19:12:55,013 INFO s.EmployeeServiceImpl [JettyServerThreadPool-15] Entered manViewAll() in service.
2022-06-02 19:12:55,014 INFO d.EmployeeDaoImpl [JettyServerThreadPool-15] hit manViewAll() in EmployeeDaoImpl
2022-06-02 19:41:19,895 INFO ExpenseCrud [main] Starting server on port 8082
2022-06-02 19:41:36,986 INFO ExpenseCrud [JettyServerThreadPool-20] starting get route /employees
2022-06-02 19:41:36,987 INFO s.EmployeeServiceImpl [JettyServerThreadPool-20] Entered manViewAll() in service.
2022-06-02 19:41:36,987 INFO d.EmployeeDaoImpl [JettyServerThreadPool-20] hit manViewAll() in EmployeeDaoImpl
2022-06-02 19:43:20,932 INFO ExpenseCrud [JettyServerThreadPool-15] starting get route /employees
2022-06-02 19:43:20,953 INFO s.EmployeeServiceImpl [JettyServerThreadPool-15] Entered manViewAll() in service.
2022-06-02 19:43:20,953 INFO d.EmployeeDaoImpl [JettyServerThreadPool-15] hit manViewAll() in EmployeeDaoImpl
2022-06-02 19:50:32,615 INFO ExpenseCrud [main] Starting server on port 8082
2022-06-02 19:50:48,171 INFO ExpenseCrud [JettyServerThreadPool-21] starting get route /employees
2022-06-02 19:50:48,175 INFO s.EmployeeServiceImpl [JettyServerThreadPool-21] Entered manViewAll() in service.
2022-06-02 19:50:48,175 INFO d.EmployeeDaoImpl [JettyServerThreadPool-21] hit manViewAll() in EmployeeDaoImpl
2022-06-02 19:53:03,338 INFO ExpenseCrud [main] Starting server on port 8082
2022-06-02 19:53:40,108 INFO ExpenseCrud [JettyServerThreadPool-19] starting get route /employees
2022-06-02 19:53:40,124 INFO s.EmployeeServiceImpl [JettyServerThreadPool-19] Entered manViewAll() in service.
2022-06-02 19:53:40,125 INFO d.EmployeeDaoImpl [JettyServerThreadPool-19] hit manViewAll() in EmployeeDaoImpl
2022-06-02 19:58:08,595 INFO ExpenseCrud [main] Starting server on port 8082
2022-06-02 19:58:22,532 INFO ExpenseCrud [JettyServerThreadPool-15] starting get route /employees
2022-06-02 19:58:22,533 INFO s.EmployeeServiceImpl [JettyServerThreadPool-15] Entered manViewAll() in service.
2022-06-02 19:58:22,534 INFO d.EmployeeDaoImpl [JettyServerThreadPool-15] hit manViewAll() in EmployeeDaoImpl
2022-06-02 20:01:13,954 INFO ExpenseCrud [main] Starting server on port 8082
2022-06-02 20:04:29,027 INFO ExpenseCrud [main] Starting server on port 8082
2022-06-02 20:05:56,661 INFO ExpenseCrud [main] Starting server on port 8082
2022-06-02 20:06:05,913 INFO ExpenseCrud [JettyServerThreadPool-19] starting get route /employees
2022-06-02 20:06:05,914 INFO s.EmployeeServiceImpl [JettyServerThreadPool-19] Entered manViewAll() in service.
2022-06-02 20:06:05,914 INFO d.EmployeeDaoImpl [JettyServerThreadPool-19] hit manViewAll() in EmployeeDaoImpl
2022-06-02 20:07:13,667 INFO ExpenseCrud [main] Starting server on port 8082
2022-06-02 20:07:20,422 INFO ExpenseCrud [JettyServerThreadPool-22] starting get route /employees
2022-06-02 20:07:20,423 INFO s.EmployeeServiceImpl [JettyServerThreadPool-22] Entered manViewAll() in service.
2022-06-02 20:07:20,423 INFO d.EmployeeDaoImpl [JettyServerThreadPool-22] hit manViewAll() in EmployeeDaoImpl
2022-06-02 20:08:31,680 INFO ExpenseCrud [main] Starting server on port 8082
2022-06-02 20:08:58,655 INFO ExpenseCrud [JettyServerThreadPool-19] starting get route /employees
2022-06-02 20:08:58,657 INFO s.EmployeeServiceImpl [JettyServerThreadPool-19] Entered manViewAll() in service.
2022-06-02 20:08:58,657 INFO d.EmployeeDaoImpl [JettyServerThreadPool-19] hit manViewAll() in EmployeeDaoImpl
2022-06-02 20:16:56,373 INFO ExpenseCrud [JettyServerThreadPool-19] starting get route /employees
2022-06-02 20:16:56,392 INFO s.EmployeeServiceImpl [JettyServerThreadPool-19] Entered manViewAll() in service.
2022-06-02 20:16:56,394 INFO d.EmployeeDaoImpl [JettyServerThreadPool-19] hit manViewAll() in EmployeeDaoImpl
2022-06-02 20:16:59,225 INFO ExpenseCrud [JettyServerThreadPool-17] starting get route /employees
2022-06-02 20:16:59,231 INFO s.EmployeeServiceImpl [JettyServerThreadPool-17] Entered manViewAll() in service.
2022-06-02 20:16:59,231 INFO d.EmployeeDaoImpl [JettyServerThreadPool-17] hit manViewAll() in EmployeeDaoImpl
2022-06-02 20:32:12,274 INFO ExpenseCrud [main] Starting server on port 8082
2022-06-02 20:32:56,841 INFO ExpenseCrud [JettyServerThreadPool-19] starting get route /employees
2022-06-02 20:32:56,844 INFO s.ReimbursementServiceImpl [JettyServerThreadPool-19] Hit manViewAllResolved() in RiembursementServiceImpl
2022-06-02 20:32:56,844 INFO d.ReimbursementDaoImpl [JettyServerThreadPool-19] hit manViewAllResolved
2022-06-02 20:37:19,816 INFO ExpenseCrud [main] Starting server on port 8082
2022-06-02 20:37:31,605 INFO ExpenseCrud [JettyServerThreadPool-19] starting get route /employees
2022-06-02 20:37:31,606 INFO s.EmployeeServiceImpl [JettyServerThreadPool-19] Entered manViewAll() in service.
2022-06-02 20:37:31,606 INFO d.EmployeeDaoImpl [JettyServerThreadPool-19] hit manViewAll() in EmployeeDaoImpl
2022-06-02 20:49:08,982 INFO ExpenseCrud [main] Starting server on port 8082
2022-06-02 20:49:20,422 INFO ExpenseCrud [JettyServerThreadPool-21] starting get route /employees
2022-06-02 20:49:20,423 INFO s.EmployeeServiceImpl [JettyServerThreadPool-21] Entered manViewAll() in service.
2022-06-02 20:49:20,423 INFO d.EmployeeDaoImpl [JettyServerThreadPool-21] hit manViewAll() in EmployeeDaoImpl
2022-06-02 20:50:38,962 INFO ExpenseCrud [JettyServerThreadPool-22] starting get route /employees
2022-06-02 20:50:38,962 INFO s.EmployeeServiceImpl [JettyServerThreadPool-22] Entered manViewAll() in service.
2022-06-02 20:50:38,963 INFO d.EmployeeDaoImpl [JettyServerThreadPool-22] hit manViewAll() in EmployeeDaoImpl
2022-06-05 20:09:08,551 INFO ExpenseCrud [main] Starting server on port 8082
2022-06-05 20:09:44,804 INFO ExpenseCrud [JettyServerThreadPool-15] starting get route /employees
2022-06-05 20:09:44,818 INFO s.EmployeeServiceImpl [JettyServerThreadPool-15] Entered manViewAll() in service.
2022-06-05 20:09:44,818 INFO d.EmployeeDaoImpl [JettyServerThreadPool-15] hit manViewAll() in EmployeeDaoImpl
2022-06-05 20:10:18,825 INFO ExpenseCrud [JettyServerThreadPool-22] starting get route /employees
2022-06-05 20:10:18,830 INFO s.EmployeeServiceImpl [JettyServerThreadPool-22] Entered manViewAll() in service.
2022-06-05 20:10:18,831 INFO d.EmployeeDaoImpl [JettyServerThreadPool-22] hit manViewAll() in EmployeeDaoImpl
2022-06-05 20:18:33,506 INFO ExpenseCrud [JettyServerThreadPool-21] starting get route /employees
2022-06-05 20:18:33,594 INFO s.EmployeeServiceImpl [JettyServerThreadPool-21] Entered manViewAll() in service.
2022-06-05 20:18:33,596 INFO d.EmployeeDaoImpl [JettyServerThreadPool-21] hit manViewAll() in EmployeeDaoImpl
2022-06-05 20:23:26,185 INFO ExpenseCrud [main] Starting server on port 8082
2022-06-05 20:23:40,141 INFO ExpenseCrud [JettyServerThreadPool-22] starting get route /employees
2022-06-05 20:23:40,146 INFO s.EmployeeServiceImpl [JettyServerThreadPool-22] Entered manViewAll() in service.
2022-06-05 20:23:40,146 INFO d.EmployeeDaoImpl [JettyServerThreadPool-22] hit manViewAll() in EmployeeDaoImpl
2022-06-05 20:42:14,181 INFO ExpenseCrud [main] Starting server on port 8082
2022-06-05 20:42:26,764 INFO ExpenseCrud [JettyServerThreadPool-21] starting get route /employees
2022-06-05 20:42:26,765 INFO s.EmployeeServiceImpl [JettyServerThreadPool-21] Entered manViewAll() in service.
2022-06-05 20:42:26,765 INFO d.EmployeeDaoImpl [JettyServerThreadPool-21] hit manViewAll() in EmployeeDaoImpl
2022-06-05 20:47:11,423 INFO ExpenseCrud [main] Starting server on port 8082
2022-06-05 20:52:54,612 INFO ExpenseCrud [JettyServerThreadPool-20] starting get route /employees
2022-06-05 20:52:54,670 INFO s.EmployeeServiceImpl [JettyServerThreadPool-20] Entered manViewAll() in service.
2022-06-05 20:52:54,680 INFO d.EmployeeDaoImpl [JettyServerThreadPool-20] hit manViewAll() in EmployeeDaoImpl
2022-06-05 20:52:57,127 INFO d.EmployeeDaoImpl [JettyServerThreadPool-20] returning manViewAll() in EmployeeDaoImpl
2022-06-05 20:52:57,128 INFO s.EmployeeServiceImpl [JettyServerThreadPool-20] Exited manViewAll() in service.
2022-06-05 20:55:34,622 INFO ExpenseCrud [main] Starting server on port 8082
2022-06-05 20:55:43,814 INFO ExpenseCrud [JettyServerThreadPool-22] starting get route /employees
2022-06-05 20:55:43,815 INFO s.EmployeeServiceImpl [JettyServerThreadPool-22] Entered manViewAll() in service.
2022-06-05 20:55:43,815 INFO d.EmployeeDaoImpl [JettyServerThreadPool-22] hit manViewAll() in EmployeeDaoImpl
2022-06-05 20:55:44,755 INFO d.EmployeeDaoImpl [JettyServerThreadPool-22] returning manViewAll() in EmployeeDaoImpl
2022-06-05 20:55:44,755 INFO s.EmployeeServiceImpl [JettyServerThreadPool-22] Exited manViewAll() in service.
2022-06-05 20:57:41,017 INFO ExpenseCrud [main] Starting server on port 8082
2022-06-05 20:57:49,522 INFO ExpenseCrud [JettyServerThreadPool-19] starting get route /employees
2022-06-05 20:57:49,523 INFO s.EmployeeServiceImpl [JettyServerThreadPool-19] Entered manViewAll() in service.
2022-06-05 20:57:49,523 INFO d.EmployeeDaoImpl [JettyServerThreadPool-19] hit manViewAll() in EmployeeDaoImpl
2022-06-05 20:57:50,530 INFO d.EmployeeDaoImpl [JettyServerThreadPool-19] returning manViewAll() in EmployeeDaoImpl
2022-06-05 20:57:50,530 INFO s.EmployeeServiceImpl [JettyServerThreadPool-19] Exited manViewAll() in service.
2022-06-05 20:59:46,742 INFO ExpenseCrud [main] Starting server on port 8082
2022-06-05 20:59:53,165 INFO ExpenseCrud [JettyServerThreadPool-21] starting get route /employees
2022-06-05 20:59:53,166 INFO s.EmployeeServiceImpl [JettyServerThreadPool-21] Entered manViewAll() in service.
2022-06-05 20:59:53,166 INFO d.EmployeeDaoImpl [JettyServerThreadPool-21] hit manViewAll() in EmployeeDaoImpl
2022-06-05 20:59:54,316 INFO d.EmployeeDaoImpl [JettyServerThreadPool-21] returning manViewAll() in EmployeeDaoImpl
2022-06-05 20:59:54,316 INFO s.EmployeeServiceImpl [JettyServerThreadPool-21] Exited manViewAll() in service.
2022-06-05 21:01:20,996 INFO ExpenseCrud [main] Starting server on port 8082
2022-06-05 21:01:27,596 INFO ExpenseCrud [JettyServerThreadPool-22] starting get route /employees
2022-06-05 21:01:27,596 INFO s.EmployeeServiceImpl [JettyServerThreadPool-22] Entered manViewAll() in service.
2022-06-05 21:01:27,596 INFO d.EmployeeDaoImpl [JettyServerThreadPool-22] hit manViewAll() in EmployeeDaoImpl
2022-06-05 21:01:29,267 INFO d.EmployeeDaoImpl [JettyServerThreadPool-22] returning manViewAll() in EmployeeDaoImpl
2022-06-05 21:01:29,267 INFO s.EmployeeServiceImpl [JettyServerThreadPool-22] Exited manViewAll() in service.
2022-06-05 21:07:56,791 INFO ExpenseCrud [main] Starting server on port 8082
2022-06-05 21:08:09,643 INFO ExpenseCrud [JettyServerThreadPool-16] starting get route /employees
2022-06-05 21:08:09,643 INFO s.EmployeeServiceImpl [JettyServerThreadPool-16] Entered manViewAll() in service.
2022-06-05 21:08:09,643 INFO d.EmployeeDaoImpl [JettyServerThreadPool-16] hit manViewAll() in EmployeeDaoImpl
2022-06-05 21:08:10,603 INFO d.EmployeeDaoImpl [JettyServerThreadPool-16] returning manViewAll() in EmployeeDaoImpl
2022-06-05 21:08:10,603 INFO s.EmployeeServiceImpl [JettyServerThreadPool-16] Exited manViewAll() in service.
2022-06-05 21:11:53,976 INFO ExpenseCrud [main] Starting server on port 8082
2022-06-05 21:12:07,398 INFO ExpenseCrud [JettyServerThreadPool-19] starting get route /employees
2022-06-05 21:21:34,870 INFO ExpenseCrud [main] Starting server on port 8082
2022-06-05 21:21:50,434 INFO ExpenseCrud [JettyServerThreadPool-17] starting get route /employees
2022-06-05 21:23:26,466 INFO ExpenseCrud [main] Starting server on port 8082
2022-06-05 21:23:38,589 INFO ExpenseCrud [JettyServerThreadPool-15] starting get route /employees
2022-06-05 21:23:38,590 INFO s.EmployeeServiceImpl [JettyServerThreadPool-15] Entered manViewAll() in service.
2022-06-05 21:23:38,590 INFO d.EmployeeDaoImpl [JettyServerThreadPool-15] hit manViewAll() in EmployeeDaoImpl
2022-06-05 21:23:40,099 INFO d.EmployeeDaoImpl [JettyServerThreadPool-15] returning manViewAll() in EmployeeDaoImpl
2022-06-05 21:23:40,101 INFO s.EmployeeServiceImpl [JettyServerThreadPool-15] Exited manViewAll() in service.
2022-06-05 21:23:40,102 INFO ExpenseCrud [JettyServerThreadPool-15] returning from /employees
2022-06-05 21:24:21,834 INFO ExpenseCrud [JettyServerThreadPool-16] starting get route /employees
2022-06-05 21:24:21,912 INFO s.EmployeeServiceImpl [JettyServerThreadPool-16] Entered manViewAll() in service.
2022-06-05 21:24:21,913 INFO d.EmployeeDaoImpl [JettyServerThreadPool-16] hit manViewAll() in EmployeeDaoImpl
2022-06-05 21:24:21,954 INFO d.EmployeeDaoImpl [JettyServerThreadPool-16] returning manViewAll() in EmployeeDaoImpl
2022-06-05 21:24:21,954 INFO s.EmployeeServiceImpl [JettyServerThreadPool-16] Exited manViewAll() in service.
2022-06-05 21:24:21,958 INFO ExpenseCrud [JettyServerThreadPool-16] returning from /employees
2022-06-05 21:38:26,304 INFO ExpenseCrud [JettyServerThreadPool-22] starting get route /employees
2022-06-05 21:38:26,360 INFO s.EmployeeServiceImpl [JettyServerThreadPool-22] Entered manViewAll() in service.
2022-06-05 21:38:26,360 INFO d.EmployeeDaoImpl [JettyServerThreadPool-22] hit manViewAll() in EmployeeDaoImpl
2022-06-05 21:38:26,522 INFO d.EmployeeDaoImpl [JettyServerThreadPool-22] returning manViewAll() in EmployeeDaoImpl
2022-06-05 21:38:26,523 INFO s.EmployeeServiceImpl [JettyServerThreadPool-22] Exited manViewAll() in service.
2022-06-05 21:38:26,528 INFO ExpenseCrud [JettyServerThreadPool-22] returning from /employees
2022-06-05 21:38:43,671 INFO ExpenseCrud [JettyServerThreadPool-19] starting get route /employees
2022-06-05 21:38:43,672 INFO s.EmployeeServiceImpl [JettyServerThreadPool-19] Entered manViewAll() in service.
2022-06-05 21:38:43,672 INFO d.EmployeeDaoImpl [JettyServerThreadPool-19] hit manViewAll() in EmployeeDaoImpl
2022-06-05 21:38:43,674 INFO d.EmployeeDaoImpl [JettyServerThreadPool-19] returning manViewAll() in EmployeeDaoImpl
2022-06-05 21:38:43,675 INFO s.EmployeeServiceImpl [JettyServerThreadPool-19] Exited manViewAll() in service.
2022-06-05 21:38:43,675 INFO ExpenseCrud [JettyServerThreadPool-19] returning from /employees
2022-06-05 21:40:58,395 INFO ExpenseCrud [JettyServerThreadPool-19] starting get route /employees
2022-06-05 21:40:58,399 INFO s.EmployeeServiceImpl [JettyServerThreadPool-19] Entered manViewAll() in service.
2022-06-05 21:40:58,399 INFO d.EmployeeDaoImpl [JettyServerThreadPool-19] hit manViewAll() in EmployeeDaoImpl
2022-06-05 21:40:58,404 INFO d.EmployeeDaoImpl [JettyServerThreadPool-19] returning manViewAll() in EmployeeDaoImpl
2022-06-05 21:40:58,404 INFO s.EmployeeServiceImpl [JettyServerThreadPool-19] Exited manViewAll() in service.
2022-06-05 21:40:58,406 INFO ExpenseCrud [JettyServerThreadPool-19] returning from /employees
2022-06-05 21:48:36,816 INFO ExpenseCrud [JettyServerThreadPool-21] starting get route /employees
2022-06-05 21:48:36,836 INFO s.EmployeeServiceImpl [JettyServerThreadPool-21] Entered manViewAll() in service.
2022-06-05 21:48:36,836 INFO d.EmployeeDaoImpl [JettyServerThreadPool-21] hit manViewAll() in EmployeeDaoImpl
2022-06-05 21:48:36,860 INFO d.EmployeeDaoImpl [JettyServerThreadPool-21] returning manViewAll() in EmployeeDaoImpl
2022-06-05 21:48:36,860 INFO s.EmployeeServiceImpl [JettyServerThreadPool-21] Exited manViewAll() in service.
2022-06-05 21:48:36,861 INFO ExpenseCrud [JettyServerThreadPool-21] returning from /employees
2022-06-05 21:48:39,557 INFO ExpenseCrud [JettyServerThreadPool-16] starting get route /employees
2022-06-05 21:48:39,558 INFO s.EmployeeServiceImpl [JettyServerThreadPool-16] Entered manViewAll() in service.
2022-06-05 21:48:39,558 INFO d.EmployeeDaoImpl [JettyServerThreadPool-16] hit manViewAll() in EmployeeDaoImpl
2022-06-05 21:48:39,561 INFO d.EmployeeDaoImpl [JettyServerThreadPool-16] returning manViewAll() in EmployeeDaoImpl
2022-06-05 21:48:39,562 INFO s.EmployeeServiceImpl [JettyServerThreadPool-16] Exited manViewAll() in service.
2022-06-05 21:48:39,563 INFO ExpenseCrud [JettyServerThreadPool-16] returning from /employees
2022-06-05 21:48:44,596 INFO ExpenseCrud [JettyServerThreadPool-19] starting get route /employees
2022-06-05 21:48:44,596 INFO s.EmployeeServiceImpl [JettyServerThreadPool-19] Entered manViewAll() in service.
2022-06-05 21:48:44,596 INFO d.EmployeeDaoImpl [JettyServerThreadPool-19] hit manViewAll() in EmployeeDaoImpl
2022-06-05 21:48:44,598 INFO d.EmployeeDaoImpl [JettyServerThreadPool-19] returning manViewAll() in EmployeeDaoImpl
2022-06-05 21:48:44,598 INFO s.EmployeeServiceImpl [JettyServerThreadPool-19] Exited manViewAll() in service.
2022-06-05 21:48:44,598 INFO ExpenseCrud [JettyServerThreadPool-19] returning from /employees
2022-06-05 21:48:46,513 INFO ExpenseCrud [JettyServerThreadPool-22] starting get route /employees
2022-06-05 21:48:46,514 INFO s.EmployeeServiceImpl [JettyServerThreadPool-22] Entered manViewAll() in service.
2022-06-05 21:48:46,514 INFO d.EmployeeDaoImpl [JettyServerThreadPool-22] hit manViewAll() in EmployeeDaoImpl
2022-06-05 21:48:46,516 INFO d.EmployeeDaoImpl [JettyServerThreadPool-22] returning manViewAll() in EmployeeDaoImpl
2022-06-05 21:48:46,517 INFO s.EmployeeServiceImpl [JettyServerThreadPool-22] Exited manViewAll() in service.
2022-06-05 21:48:46,519 INFO ExpenseCrud [JettyServerThreadPool-22] returning from /employees
2022-06-05 21:49:06,733 INFO ExpenseCrud [JettyServerThreadPool-19] starting get route /employees
2022-06-05 21:49:06,734 INFO s.EmployeeServiceImpl [JettyServerThreadPool-19] Entered manViewAll() in service.
2022-06-05 21:49:06,735 INFO d.EmployeeDaoImpl [JettyServerThreadPool-19] hit manViewAll() in EmployeeDaoImpl
2022-06-05 21:49:06,740 INFO d.EmployeeDaoImpl [JettyServerThreadPool-19] returning manViewAll() in EmployeeDaoImpl
2022-06-05 21:49:06,740 INFO s.EmployeeServiceImpl [JettyServerThreadPool-19] Exited manViewAll() in service.
2022-06-05 21:49:06,741 INFO ExpenseCrud [JettyServerThreadPool-19] returning from /employees
2022-06-05 21:56:48,221 INFO ExpenseCrud [JettyServerThreadPool-19] starting get route /employees
2022-06-05 21:56:48,243 INFO s.EmployeeServiceImpl [JettyServerThreadPool-19] Entered manViewAll() in service.
2022-06-05 21:56:48,244 INFO d.EmployeeDaoImpl [JettyServerThreadPool-19] hit manViewAll() in EmployeeDaoImpl
2022-06-05 21:56:48,349 INFO d.EmployeeDaoImpl [JettyServerThreadPool-19] returning manViewAll() in EmployeeDaoImpl
2022-06-05 21:56:48,349 INFO s.EmployeeServiceImpl [JettyServerThreadPool-19] Exited manViewAll() in service.
2022-06-05 21:56:48,352 INFO ExpenseCrud [JettyServerThreadPool-19] returning from /employees
2022-06-05 21:58:55,327 INFO ExpenseCrud [main] Starting server on port 8082
2022-06-05 21:59:00,051 INFO ExpenseCrud [JettyServerThreadPool-15] starting get route /employees
2022-06-05 21:59:00,054 INFO s.EmployeeServiceImpl [JettyServerThreadPool-15] Entered manViewAll() in service.
2022-06-05 21:59:00,054 INFO d.EmployeeDaoImpl [JettyServerThreadPool-15] hit manViewAll() in EmployeeDaoImpl
2022-06-05 21:59:01,331 INFO d.EmployeeDaoImpl [JettyServerThreadPool-15] returning manViewAll() in EmployeeDaoImpl
2022-06-05 21:59:01,332 INFO s.EmployeeServiceImpl [JettyServerThreadPool-15] Exited manViewAll() in service.
2022-06-05 21:59:01,332 INFO ExpenseCrud [JettyServerThreadPool-15] returning from /employees
2022-06-05 21:59:20,955 INFO ExpenseCrud [JettyServerThreadPool-20] starting get route /employees
2022-06-05 21:59:20,957 INFO s.EmployeeServiceImpl [JettyServerThreadPool-20] Entered manViewAll() in service.
2022-06-05 21:59:20,958 INFO d.EmployeeDaoImpl [JettyServerThreadPool-20] hit manViewAll() in EmployeeDaoImpl
2022-06-05 21:59:20,961 INFO d.EmployeeDaoImpl [JettyServerThreadPool-20] returning manViewAll() in EmployeeDaoImpl
2022-06-05 21:59:20,961 INFO s.EmployeeServiceImpl [JettyServerThreadPool-20] Exited manViewAll() in service.
2022-06-05 21:59:20,961 INFO ExpenseCrud [JettyServerThreadPool-20] returning from /employees
2022-06-05 22:01:17,808 INFO ExpenseCrud [JettyServerThreadPool-21] starting get route /employees
2022-06-05 22:01:17,832 INFO s.EmployeeServiceImpl [JettyServerThreadPool-21] Entered manViewAll() in service.
2022-06-05 22:01:17,832 INFO d.EmployeeDaoImpl [JettyServerThreadPool-21] hit manViewAll() in EmployeeDaoImpl
2022-06-05 22:01:17,835 INFO d.EmployeeDaoImpl [JettyServerThreadPool-21] returning manViewAll() in EmployeeDaoImpl
2022-06-05 22:01:17,835 INFO s.EmployeeServiceImpl [JettyServerThreadPool-21] Exited manViewAll() in service.
2022-06-05 22:01:17,835 INFO ExpenseCrud [JettyServerThreadPool-21] returning from /employees
2022-06-05 22:06:41,955 INFO ExpenseCrud [JettyServerThreadPool-22] starting get route /employees
2022-06-05 22:06:41,961 INFO s.EmployeeServiceImpl [JettyServerThreadPool-22] Entered manViewAll() in service.
2022-06-05 22:06:41,961 INFO d.EmployeeDaoImpl [JettyServerThreadPool-22] hit manViewAll() in EmployeeDaoImpl
2022-06-05 22:06:41,975 INFO d.EmployeeDaoImpl [JettyServerThreadPool-22] returning manViewAll() in EmployeeDaoImpl
2022-06-05 22:06:41,975 INFO s.EmployeeServiceImpl [JettyServerThreadPool-22] Exited manViewAll() in service.
2022-06-05 22:06:41,975 INFO ExpenseCrud [JettyServerThreadPool-22] returning from /employees
2022-06-05 22:54:03,058 INFO ExpenseCrud [JettyServerThreadPool-21] starting get route /employees
2022-06-05 22:54:03,124 INFO s.EmployeeServiceImpl [JettyServerThreadPool-21] Entered manViewAll() in service.
2022-06-05 22:54:03,124 INFO d.EmployeeDaoImpl [JettyServerThreadPool-21] hit manViewAll() in EmployeeDaoImpl
2022-06-05 22:54:03,313 INFO d.EmployeeDaoImpl [JettyServerThreadPool-21] returning manViewAll() in EmployeeDaoImpl
2022-06-05 22:54:03,313 INFO s.EmployeeServiceImpl [JettyServerThreadPool-21] Exited manViewAll() in service.
2022-06-05 22:54:03,319 INFO ExpenseCrud [JettyServerThreadPool-21] returning from /employees
2022-06-06 13:56:27,183 INFO ExpenseCrud [main] Starting server on port 8082
2022-06-06 13:57:32,915 INFO ExpenseCrud [JettyServerThreadPool-18] starting get route /employees
2022-06-06 13:57:32,963 INFO s.EmployeeServiceImpl [JettyServerThreadPool-18] Entered manViewAll() in service.
2022-06-06 13:57:32,964 INFO d.EmployeeDaoImpl [JettyServerThreadPool-18] hit manViewAll() in EmployeeDaoImpl
2022-06-06 13:57:35,453 INFO d.EmployeeDaoImpl [JettyServerThreadPool-18] returning manViewAll() in EmployeeDaoImpl
2022-06-06 13:57:35,453 INFO s.EmployeeServiceImpl [JettyServerThreadPool-18] Exited manViewAll() in service.
2022-06-06 13:57:35,454 INFO ExpenseCrud [JettyServerThreadPool-18] returning from /employees
2022-06-06 13:58:21,505 INFO ExpenseCrud [JettyServerThreadPool-21] starting get route /employees
2022-06-06 13:58:21,525 INFO s.EmployeeServiceImpl [JettyServerThreadPool-21] Entered manViewAll() in service.
2022-06-06 13:58:21,525 INFO d.EmployeeDaoImpl [JettyServerThreadPool-21] hit manViewAll() in EmployeeDaoImpl
2022-06-06 13:58:21,542 INFO d.EmployeeDaoImpl [JettyServerThreadPool-21] returning manViewAll() in EmployeeDaoImpl
2022-06-06 13:58:21,542 INFO s.EmployeeServiceImpl [JettyServerThreadPool-21] Exited manViewAll() in service.
2022-06-06 13:58:21,553 INFO ExpenseCrud [JettyServerThreadPool-21] returning from /employees
